<?xml version="1.0" encoding="UTF-8"?>
<testng-results ignored="0" total="1" passed="1" failed="0" skipped="0">
  <reporter-output>
    <line>
      <![CDATA[Team has only 4 Foreign Players]]>
    </line>
  </reporter-output>
  <suite started-at="2022-08-20T11:09:41 IST" name="Default suite" finished-at="2022-08-20T11:09:41 IST" duration-ms="98">
    <groups>
    </groups>
    <test started-at="2022-08-20T11:09:41 IST" name="Default test" finished-at="2022-08-20T11:09:41 IST" duration-ms="98">
      <class name="Tasks.ValidateForeignPlayers">
        <test-method is-config="true" signature="loadFile()[pri:0, instance:Tasks.ValidateForeignPlayers@63a12c68]" started-at="2022-08-20T11:09:41 IST" name="loadFile" finished-at="2022-08-20T11:09:41 IST" duration-ms="22" status="PASS">
          <reporter-output>
          </reporter-output>
        </test-method> <!-- loadFile -->
        <test-method signature="validateForeignPlayersTest()[pri:0, instance:Tasks.ValidateForeignPlayers@63a12c68]" started-at="2022-08-20T11:09:41 IST" name="validateForeignPlayersTest" finished-at="2022-08-20T11:09:41 IST" duration-ms="15" status="PASS">
          <reporter-output>
            <line>
              <![CDATA[Team has only 4 Foreign Players]]>
            </line>
          </reporter-output>
        </test-method> <!-- validateForeignPlayersTest -->
      </class> <!-- Tasks.ValidateForeignPlayers -->
    </test> <!-- Default test -->
  </suite> <!-- Default suite -->
</testng-results>
